c:\users\gabri\onedrive\desktop\netlab\netlab\debug\netlab.bsc
c:\users\gabri\onedrive\desktop\netlab\netlab\debug\netlab.pdb
c:\users\gabri\onedrive\desktop\netlab\netlab\debug\netlab.idb
c:\users\gabri\onedrive\desktop\netlab\netlab\debug\addressrange.sbr
c:\users\gabri\onedrive\desktop\netlab\netlab\debug\catchmemoryleak.sbr
c:\users\gabri\onedrive\desktop\netlab\netlab\debug\inet_os.sbr
c:\users\gabri\onedrive\desktop\netlab\netlab\debug\ipv4address.sbr
c:\users\gabri\onedrive\desktop\netlab\netlab\debug\l2_arp_impl.sbr
c:\users\gabri\onedrive\desktop\netlab\netlab\debug\l2_impl.sbr
c:\users\gabri\onedrive\desktop\netlab\netlab\debug\l3_impl.sbr
c:\users\gabri\onedrive\desktop\netlab\netlab\debug\l4_icmp_sol.sbr
c:\users\gabri\onedrive\desktop\netlab\netlab\debug\l4_tcp_sol.sbr
c:\users\gabri\onedrive\desktop\netlab\netlab\debug\l5_sol.sbr
c:\users\gabri\onedrive\desktop\netlab\netlab\debug\main.sbr
c:\users\gabri\onedrive\desktop\netlab\netlab\debug\main2.sbr
c:\users\gabri\onedrive\desktop\netlab\netlab\debug\networkinterface.sbr
c:\users\gabri\onedrive\desktop\netlab\netlab\debug\nic.sbr
c:\users\gabri\onedrive\desktop\netlab\netlab\debug\nic_cable.sbr
c:\users\gabri\onedrive\desktop\netlab\netlab\debug\packet_sender_adapter.sbr
c:\users\gabri\onedrive\desktop\netlab\netlab\debug\pcb.sbr
c:\users\gabri\onedrive\desktop\netlab\netlab\debug\print.sbr
c:\users\gabri\onedrive\desktop\netlab\netlab\debug\protosw.sbr
c:\users\gabri\onedrive\desktop\netlab\netlab\debug\l0_buffer.sbr
c:\users\gabri\onedrive\desktop\netlab\netlab\debug\l0_buffer.obj
c:\users\gabri\onedrive\desktop\netlab\netlab\debug\protosw.obj
c:\users\gabri\onedrive\desktop\netlab\netlab\debug\print.obj
c:\users\gabri\onedrive\desktop\netlab\netlab\debug\pcb.obj
c:\users\gabri\onedrive\desktop\netlab\netlab\debug\packet_sender_adapter.obj
c:\users\gabri\onedrive\desktop\netlab\netlab\debug\nic_cable.obj
c:\users\gabri\onedrive\desktop\netlab\netlab\debug\nic.obj
c:\users\gabri\onedrive\desktop\netlab\netlab\debug\networkinterface.obj
c:\users\gabri\onedrive\desktop\netlab\netlab\debug\main2.obj
c:\users\gabri\onedrive\desktop\netlab\netlab\debug\main.obj
c:\users\gabri\onedrive\desktop\netlab\netlab\debug\l5_sol.obj
c:\users\gabri\onedrive\desktop\netlab\netlab\debug\l4_tcp_sol.obj
c:\users\gabri\onedrive\desktop\netlab\netlab\debug\l4_icmp_sol.obj
c:\users\gabri\onedrive\desktop\netlab\netlab\debug\l3_impl.obj
c:\users\gabri\onedrive\desktop\netlab\netlab\debug\l2_impl.obj
c:\users\gabri\onedrive\desktop\netlab\netlab\debug\l2_arp_impl.obj
c:\users\gabri\onedrive\desktop\netlab\netlab\debug\ipv4address.obj
c:\users\gabri\onedrive\desktop\netlab\netlab\debug\inet_os.obj
c:\users\gabri\onedrive\desktop\netlab\netlab\debug\catchmemoryleak.obj
c:\users\gabri\onedrive\desktop\netlab\netlab\debug\addressrange.obj
c:\users\gabri\onedrive\desktop\netlab\netlab\debug\utils.sbr
c:\users\gabri\onedrive\desktop\netlab\netlab\debug\utils.obj
c:\users\gabri\onedrive\desktop\netlab\netlab\debug\gtest.pdb
c:\users\gabri\onedrive\desktop\netlab\netlab\debug\gtest_main.pdb
c:\users\gabri\onedrive\desktop\netlab\netlab\debug\netlab.lib
c:\users\gabri\onedrive\desktop\netlab\netlab\debug\netlab_testing.ilk
c:\users\gabri\onedrive\desktop\netlab\netlab\debug\sniffer.idb
c:\users\gabri\onedrive\desktop\netlab\netlab\debug\netlab_testing.pdb
c:\users\gabri\onedrive\desktop\netlab\netlab\debug\sniffer.pdb
c:\users\gabri\onedrive\desktop\netlab\netlab\debug\sniffer.bsc
c:\users\gabri\onedrive\desktop\netlab\netlab\debug\netlab.tlog\bscmake.command.1.tlog
c:\users\gabri\onedrive\desktop\netlab\netlab\debug\netlab.tlog\bscmake.read.1.tlog
c:\users\gabri\onedrive\desktop\netlab\netlab\debug\netlab.tlog\bscmake.write.1.tlog
c:\users\gabri\onedrive\desktop\netlab\netlab\debug\netlab.tlog\cl.command.1.tlog
c:\users\gabri\onedrive\desktop\netlab\netlab\debug\netlab.tlog\cl.items.tlog
c:\users\gabri\onedrive\desktop\netlab\netlab\debug\netlab.tlog\cl.read.1.tlog
c:\users\gabri\onedrive\desktop\netlab\netlab\debug\netlab.tlog\cl.write.1.tlog
c:\users\gabri\onedrive\desktop\netlab\netlab\debug\netlab.tlog\copylocal.read.1u.tlog
c:\users\gabri\onedrive\desktop\netlab\netlab\debug\netlab.tlog\copylocal.write.1u.tlog
c:\users\gabri\onedrive\desktop\netlab\netlab\debug\netlab.tlog\lib-link.read.1.tlog
c:\users\gabri\onedrive\desktop\netlab\netlab\debug\netlab.tlog\lib-link.write.1.tlog
c:\users\gabri\onedrive\desktop\netlab\netlab\debug\netlab.tlog\lib.command.1.tlog
