c:\users\gabri\onedrive\desktop\netlab\netlabtau\release\netlabtau.bsc
c:\users\gabri\onedrive\desktop\netlab\netlabtau\release\vc143.pdb
c:\users\gabri\onedrive\desktop\netlab\netlabtau\release\addressrange.sbr
c:\users\gabri\onedrive\desktop\netlab\netlabtau\release\catchmemoryleak.sbr
c:\users\gabri\onedrive\desktop\netlab\netlabtau\release\inet_os.sbr
c:\users\gabri\onedrive\desktop\netlab\netlabtau\release\ipv4address.sbr
c:\users\gabri\onedrive\desktop\netlab\netlabtau\release\l2_arp_impl.sbr
c:\users\gabri\onedrive\desktop\netlab\netlabtau\release\l2_impl.sbr
c:\users\gabri\onedrive\desktop\netlab\netlabtau\release\l3_impl.sbr
c:\users\gabri\onedrive\desktop\netlab\netlabtau\release\l4_icmp_sol.sbr
c:\users\gabri\onedrive\desktop\netlab\netlabtau\release\l4_tcp_sol.sbr
c:\users\gabri\onedrive\desktop\netlab\netlabtau\release\l5_sol.sbr
c:\users\gabri\onedrive\desktop\netlab\netlabtau\release\main.sbr
c:\users\gabri\onedrive\desktop\netlab\netlabtau\release\main2.sbr
c:\users\gabri\onedrive\desktop\netlab\netlabtau\release\networkinterface.sbr
c:\users\gabri\onedrive\desktop\netlab\netlabtau\release\nic.sbr
c:\users\gabri\onedrive\desktop\netlab\netlabtau\release\nic_cable.sbr
c:\users\gabri\onedrive\desktop\netlab\netlabtau\release\packet_sender_adapter.sbr
c:\users\gabri\onedrive\desktop\netlab\netlabtau\release\pcb.sbr
c:\users\gabri\onedrive\desktop\netlab\netlabtau\release\print.sbr
c:\users\gabri\onedrive\desktop\netlab\netlabtau\release\protosw.sbr
c:\users\gabri\onedrive\desktop\netlab\netlabtau\release\l0_buffer.sbr
c:\users\gabri\onedrive\desktop\netlab\netlabtau\release\l0_buffer.obj
c:\users\gabri\onedrive\desktop\netlab\netlabtau\release\protosw.obj
c:\users\gabri\onedrive\desktop\netlab\netlabtau\release\print.obj
c:\users\gabri\onedrive\desktop\netlab\netlabtau\release\pcb.obj
c:\users\gabri\onedrive\desktop\netlab\netlabtau\release\packet_sender_adapter.obj
c:\users\gabri\onedrive\desktop\netlab\netlabtau\release\nic_cable.obj
c:\users\gabri\onedrive\desktop\netlab\netlabtau\release\nic.obj
c:\users\gabri\onedrive\desktop\netlab\netlabtau\release\networkinterface.obj
c:\users\gabri\onedrive\desktop\netlab\netlabtau\release\main2.obj
c:\users\gabri\onedrive\desktop\netlab\netlabtau\release\main.obj
c:\users\gabri\onedrive\desktop\netlab\netlabtau\release\l5_sol.obj
c:\users\gabri\onedrive\desktop\netlab\netlabtau\release\l4_tcp_sol.obj
c:\users\gabri\onedrive\desktop\netlab\netlabtau\release\l4_icmp_sol.obj
c:\users\gabri\onedrive\desktop\netlab\netlabtau\release\l3_impl.obj
c:\users\gabri\onedrive\desktop\netlab\netlabtau\release\l2_impl.obj
c:\users\gabri\onedrive\desktop\netlab\netlabtau\release\l2_arp_impl.obj
c:\users\gabri\onedrive\desktop\netlab\netlabtau\release\ipv4address.obj
c:\users\gabri\onedrive\desktop\netlab\netlabtau\release\inet_os.obj
c:\users\gabri\onedrive\desktop\netlab\netlabtau\release\catchmemoryleak.obj
c:\users\gabri\onedrive\desktop\netlab\netlabtau\release\addressrange.obj
c:\users\gabri\onedrive\desktop\netlab\netlabtau\release\utils.sbr
c:\users\gabri\onedrive\desktop\netlab\netlabtau\release\utils.obj
c:\users\gabri\onedrive\desktop\netlab\netlabtau\release\gtest.pdb
c:\users\gabri\onedrive\desktop\netlab\netlabtau\release\gtest_main.pdb
c:\users\gabri\onedrive\desktop\netlab\netlabtau\release\netlabtau.exe
c:\users\gabri\onedrive\desktop\netlab\netlabtau\release\netlabtau.pdb
c:\users\gabri\onedrive\desktop\netlab\netlabtau\release\netlabtau.ipdb
c:\users\gabri\onedrive\desktop\netlab\netlabtau\release\netlabtau.iobj
c:\users\gabri\onedrive\desktop\netlab\netlabtau\release\sniffer.pdb
c:\users\gabri\onedrive\desktop\netlab\netlabtau\release\sniffer.bsc
c:\users\gabri\onedrive\desktop\netlab\netlabtau\release\netlabtau.tlog\bscmake.command.1.tlog
c:\users\gabri\onedrive\desktop\netlab\netlabtau\release\netlabtau.tlog\bscmake.read.1.tlog
c:\users\gabri\onedrive\desktop\netlab\netlabtau\release\netlabtau.tlog\bscmake.write.1.tlog
c:\users\gabri\onedrive\desktop\netlab\netlabtau\release\netlabtau.tlog\cl.command.1.tlog
c:\users\gabri\onedrive\desktop\netlab\netlabtau\release\netlabtau.tlog\cl.items.tlog
c:\users\gabri\onedrive\desktop\netlab\netlabtau\release\netlabtau.tlog\cl.read.1.tlog
c:\users\gabri\onedrive\desktop\netlab\netlabtau\release\netlabtau.tlog\cl.write.1.tlog
c:\users\gabri\onedrive\desktop\netlab\netlabtau\release\netlabtau.tlog\copylocal.read.1u.tlog
c:\users\gabri\onedrive\desktop\netlab\netlabtau\release\netlabtau.tlog\copylocal.write.1u.tlog
c:\users\gabri\onedrive\desktop\netlab\netlabtau\release\netlabtau.tlog\link.command.1.tlog
c:\users\gabri\onedrive\desktop\netlab\netlabtau\release\netlabtau.tlog\link.read.1.tlog
c:\users\gabri\onedrive\desktop\netlab\netlabtau\release\netlabtau.tlog\link.write.1.tlog
c:\users\gabri\onedrive\desktop\netlab\netlabtau\release\netlabtau.tlog\link.write.2u.tlog
