C:\Program Files\Microsoft Visual Studio\2022\Community\MSBuild\Microsoft\VC\v170\Microsoft.CppBuild.targets(531,5): warning MSB8028: The intermediate directory (Release\) contains files shared from another project (NetlabTAU.vcxproj).  This can lead to incorrect clean and rebuild behavior.
  AddressRange.cpp
C:\Users\gabri\OneDrive\Desktop\netlab\netlab\AddressRange.cpp(51,109): warning C5037: 'netlab::AddressRange<Address>::AddressRange': an out-of-line definition of a member of a class template cannot have default arguments
  CatchMemoryLeak.cpp
  inet_os.cpp
  IPv4Address.cpp
  L2_ARP_impl.cpp
  L2_impl.cpp
  L3_impl.cpp
  L4_ICMP_Sol.cpp
  L4_TCP_Sol.cpp
  L5_Sol.cpp
  main.cpp
  main2.cpp
  NetworkInterface.cpp
  NIC.cpp
  NIC_Cable.cpp
  packet_sender_adapter.cpp
  pcb.cpp
  Print.cpp
  protosw.cpp
  L0_buffer.cpp
  Compiling...
  utils.cpp
  Generating code
  Previous IPDB not found, fall back to full compilation.
  All 3633 functions were compiled because no usable IPDB/IOBJ from previous compilation was found.
  Finished generating code
Sniffer.lib(sniffer.obj) : warning LNK4099: PDB '' was not found with 'Sniffer.lib(sniffer.obj)' or at ''; linking object as if no debug info
Sniffer.lib(pdu.obj) : warning LNK4099: PDB '' was not found with 'Sniffer.lib(pdu.obj)' or at ''; linking object as if no debug info
Sniffer.lib(network_interface.obj) : warning LNK4099: PDB '' was not found with 'Sniffer.lib(network_interface.obj)' or at ''; linking object as if no debug info
Sniffer.lib(packet_sender.obj) : warning LNK4099: PDB '' was not found with 'Sniffer.lib(packet_sender.obj)' or at ''; linking object as if no debug info
Sniffer.lib(ppi.obj) : warning LNK4099: PDB '' was not found with 'Sniffer.lib(ppi.obj)' or at ''; linking object as if no debug info
Sniffer.lib(radiotap.obj) : warning LNK4099: PDB '' was not found with 'Sniffer.lib(radiotap.obj)' or at ''; linking object as if no debug info
Sniffer.lib(dot11_base.obj) : warning LNK4099: PDB '' was not found with 'Sniffer.lib(dot11_base.obj)' or at ''; linking object as if no debug info
Sniffer.lib(ethernetII.obj) : warning LNK4099: PDB '' was not found with 'Sniffer.lib(ethernetII.obj)' or at ''; linking object as if no debug info
Sniffer.lib(loopback.obj) : warning LNK4099: PDB '' was not found with 'Sniffer.lib(loopback.obj)' or at ''; linking object as if no debug info
Sniffer.lib(dot3.obj) : warning LNK4099: PDB '' was not found with 'Sniffer.lib(dot3.obj)' or at ''; linking object as if no debug info
Sniffer.lib(rawpdu.obj) : warning LNK4099: PDB '' was not found with 'Sniffer.lib(rawpdu.obj)' or at ''; linking object as if no debug info
Sniffer.lib(sll.obj) : warning LNK4099: PDB '' was not found with 'Sniffer.lib(sll.obj)' or at ''; linking object as if no debug info
Sniffer.lib(utils.obj) : warning LNK4099: PDB '' was not found with 'Sniffer.lib(utils.obj)' or at ''; linking object as if no debug info
Sniffer.lib(ip_address.obj) : warning LNK4099: PDB '' was not found with 'Sniffer.lib(ip_address.obj)' or at ''; linking object as if no debug info
Sniffer.lib(internals.obj) : warning LNK4099: PDB '' was not found with 'Sniffer.lib(internals.obj)' or at ''; linking object as if no debug info
Sniffer.lib(dot11_beacon.obj) : warning LNK4099: PDB '' was not found with 'Sniffer.lib(dot11_beacon.obj)' or at ''; linking object as if no debug info
Sniffer.lib(dot11_assoc.obj) : warning LNK4099: PDB '' was not found with 'Sniffer.lib(dot11_assoc.obj)' or at ''; linking object as if no debug info
Sniffer.lib(dot11_data.obj) : warning LNK4099: PDB '' was not found with 'Sniffer.lib(dot11_data.obj)' or at ''; linking object as if no debug info
Sniffer.lib(dot11_auth.obj) : warning LNK4099: PDB '' was not found with 'Sniffer.lib(dot11_auth.obj)' or at ''; linking object as if no debug info
Sniffer.lib(dot11_probe.obj) : warning LNK4099: PDB '' was not found with 'Sniffer.lib(dot11_probe.obj)' or at ''; linking object as if no debug info
Sniffer.lib(dot11_control.obj) : warning LNK4099: PDB '' was not found with 'Sniffer.lib(dot11_control.obj)' or at ''; linking object as if no debug info
Sniffer.lib(llc.obj) : warning LNK4099: PDB '' was not found with 'Sniffer.lib(llc.obj)' or at ''; linking object as if no debug info
Sniffer.lib(ipv6_address.obj) : warning LNK4099: PDB '' was not found with 'Sniffer.lib(ipv6_address.obj)' or at ''; linking object as if no debug info
Sniffer.lib(arp.obj) : warning LNK4099: PDB '' was not found with 'Sniffer.lib(arp.obj)' or at ''; linking object as if no debug info
Sniffer.lib(address_range.obj) : warning LNK4099: PDB '' was not found with 'Sniffer.lib(address_range.obj)' or at ''; linking object as if no debug info
Sniffer.lib(eapol.obj) : warning LNK4099: PDB '' was not found with 'Sniffer.lib(eapol.obj)' or at ''; linking object as if no debug info
Sniffer.lib(ipsec.obj) : warning LNK4099: PDB '' was not found with 'Sniffer.lib(ipsec.obj)' or at ''; linking object as if no debug info
Sniffer.lib(dot1q.obj) : warning LNK4099: PDB '' was not found with 'Sniffer.lib(dot1q.obj)' or at ''; linking object as if no debug info
Sniffer.lib(pppoe.obj) : warning LNK4099: PDB '' was not found with 'Sniffer.lib(pppoe.obj)' or at ''; linking object as if no debug info
Sniffer.lib(icmp.obj) : warning LNK4099: PDB '' was not found with 'Sniffer.lib(icmp.obj)' or at ''; linking object as if no debug info
Sniffer.lib(ip.obj) : warning LNK4099: PDB '' was not found with 'Sniffer.lib(ip.obj)' or at ''; linking object as if no debug info
Sniffer.lib(icmpv6.obj) : warning LNK4099: PDB '' was not found with 'Sniffer.lib(icmpv6.obj)' or at ''; linking object as if no debug info
Sniffer.lib(ipv6.obj) : warning LNK4099: PDB '' was not found with 'Sniffer.lib(ipv6.obj)' or at ''; linking object as if no debug info
Sniffer.lib(tcp.obj) : warning LNK4099: PDB '' was not found with 'Sniffer.lib(tcp.obj)' or at ''; linking object as if no debug info
Sniffer.lib(udp.obj) : warning LNK4099: PDB '' was not found with 'Sniffer.lib(udp.obj)' or at ''; linking object as if no debug info
Sniffer.lib(dot11_mgmt.obj) : warning LNK4099: PDB '' was not found with 'Sniffer.lib(dot11_mgmt.obj)' or at ''; linking object as if no debug info
Sniffer.lib(snap.obj) : warning LNK4099: PDB '' was not found with 'Sniffer.lib(snap.obj)' or at ''; linking object as if no debug info
Sniffer.lib(stp.obj) : warning LNK4099: PDB '' was not found with 'Sniffer.lib(stp.obj)' or at ''; linking object as if no debug info
Sniffer.lib(rsn_information.obj) : warning LNK4099: PDB '' was not found with 'Sniffer.lib(rsn_information.obj)' or at ''; linking object as if no debug info
  NetlabTAU.vcxproj -> C:\Users\gabri\OneDrive\Desktop\netlab\netlab\Release\netlab.exe
